------------------------------
Tue Jan 09 2018 5:56:42 PM
GET /
HEADERS=> {
  "host": "localhost:8000",
  "connection": "keep-alive",
  "cache-control": "max-age=0",
  "user-agent": "Mozilla/5.0 (Macintosh; Intel Mac OS X 10_13_2) AppleWebKit/537.36 (KHTML, like Gecko) Chrome/63.0.3239.84 Safari/537.36",
  "upgrade-insecure-requests": "1",
  "accept": "text/html,application/xhtml+xml,application/xml;q=0.9,image/webp,image/apng,*/*;q=0.8",
  "accept-encoding": "gzip, deflate, br",
  "accept-language": "en-US,en;q=0.9",
  "cookie": "logInFailed=true; sessionid=1515500524616"
}
COOKIES=> {
  "logInFailed": "true",
  "sessionid": "1515500524616"
}
BODY=> {}
------------------------------
Tue Jan 09 2018 5:56:42 PM
GET /css/main.css
HEADERS=> {
  "host": "localhost:8000",
  "connection": "keep-alive",
  "user-agent": "Mozilla/5.0 (Macintosh; Intel Mac OS X 10_13_2) AppleWebKit/537.36 (KHTML, like Gecko) Chrome/63.0.3239.84 Safari/537.36",
  "accept": "text/css,*/*;q=0.1",
  "referer": "http://localhost:8000/",
  "accept-encoding": "gzip, deflate, br",
  "accept-language": "en-US,en;q=0.9",
  "cookie": "logInFailed=true; sessionid=1515500524616"
}
COOKIES=> {
  "logInFailed": "true",
  "sessionid": "1515500524616"
}
BODY=> {}
------------------------------
Tue Jan 09 2018 5:56:42 PM
GET /js/animateGif.js
HEADERS=> {
  "host": "localhost:8000",
  "connection": "keep-alive",
  "user-agent": "Mozilla/5.0 (Macintosh; Intel Mac OS X 10_13_2) AppleWebKit/537.36 (KHTML, like Gecko) Chrome/63.0.3239.84 Safari/537.36",
  "accept": "*/*",
  "referer": "http://localhost:8000/",
  "accept-encoding": "gzip, deflate, br",
  "accept-language": "en-US,en;q=0.9",
  "cookie": "logInFailed=true; sessionid=1515500524616"
}
COOKIES=> {
  "logInFailed": "true",
  "sessionid": "1515500524616"
}
BODY=> {}
------------------------------
Tue Jan 09 2018 5:56:42 PM
GET /resources/freshorigins.jpg
HEADERS=> {
  "host": "localhost:8000",
  "connection": "keep-alive",
  "user-agent": "Mozilla/5.0 (Macintosh; Intel Mac OS X 10_13_2) AppleWebKit/537.36 (KHTML, like Gecko) Chrome/63.0.3239.84 Safari/537.36",
  "accept": "image/webp,image/apng,image/*,*/*;q=0.8",
  "referer": "http://localhost:8000/",
  "accept-encoding": "gzip, deflate, br",
  "accept-language": "en-US,en;q=0.9",
  "cookie": "logInFailed=true; sessionid=1515500524616"
}
COOKIES=> {
  "logInFailed": "true",
  "sessionid": "1515500524616"
}
BODY=> {}
------------------------------
Tue Jan 09 2018 5:56:42 PM
GET /resources/animated-flower-image-0021.gif
HEADERS=> {
  "host": "localhost:8000",
  "connection": "keep-alive",
  "user-agent": "Mozilla/5.0 (Macintosh; Intel Mac OS X 10_13_2) AppleWebKit/537.36 (KHTML, like Gecko) Chrome/63.0.3239.84 Safari/537.36",
  "accept": "image/webp,image/apng,image/*,*/*;q=0.8",
  "referer": "http://localhost:8000/",
  "accept-encoding": "gzip, deflate, br",
  "accept-language": "en-US,en;q=0.9",
  "cookie": "logInFailed=true; sessionid=1515500524616"
}
COOKIES=> {
  "logInFailed": "true",
  "sessionid": "1515500524616"
}
BODY=> {}
------------------------------
Tue Jan 09 2018 5:56:44 PM
GET /login.html
HEADERS=> {
  "host": "localhost:8000",
  "connection": "keep-alive",
  "upgrade-insecure-requests": "1",
  "user-agent": "Mozilla/5.0 (Macintosh; Intel Mac OS X 10_13_2) AppleWebKit/537.36 (KHTML, like Gecko) Chrome/63.0.3239.84 Safari/537.36",
  "accept": "text/html,application/xhtml+xml,application/xml;q=0.9,image/webp,image/apng,*/*;q=0.8",
  "referer": "http://localhost:8000/",
  "accept-encoding": "gzip, deflate, br",
  "accept-language": "en-US,en;q=0.9",
  "cookie": "logInFailed=true; sessionid=1515500524616"
}
COOKIES=> {
  "logInFailed": "true",
  "sessionid": "1515500524616"
}
BODY=> {}
------------------------------
Tue Jan 09 2018 5:56:44 PM
GET /css/main.css
HEADERS=> {
  "host": "localhost:8000",
  "connection": "keep-alive",
  "user-agent": "Mozilla/5.0 (Macintosh; Intel Mac OS X 10_13_2) AppleWebKit/537.36 (KHTML, like Gecko) Chrome/63.0.3239.84 Safari/537.36",
  "accept": "text/css,*/*;q=0.1",
  "referer": "http://localhost:8000/login.html",
  "accept-encoding": "gzip, deflate, br",
  "accept-language": "en-US,en;q=0.9",
  "cookie": "logInFailed=true; sessionid=1515500524616"
}
COOKIES=> {
  "logInFailed": "true",
  "sessionid": "1515500524616"
}
BODY=> {}
------------------------------
Tue Jan 09 2018 5:56:47 PM
POST /login.html
HEADERS=> {
  "host": "localhost:8000",
  "connection": "keep-alive",
  "content-length": "26",
  "cache-control": "max-age=0",
  "origin": "http://localhost:8000",
  "upgrade-insecure-requests": "1",
  "content-type": "application/x-www-form-urlencoded",
  "user-agent": "Mozilla/5.0 (Macintosh; Intel Mac OS X 10_13_2) AppleWebKit/537.36 (KHTML, like Gecko) Chrome/63.0.3239.84 Safari/537.36",
  "accept": "text/html,application/xhtml+xml,application/xml;q=0.9,image/webp,image/apng,*/*;q=0.8",
  "referer": "http://localhost:8000/login.html",
  "accept-encoding": "gzip, deflate, br",
  "accept-language": "en-US,en;q=0.9",
  "cookie": "logInFailed=true; sessionid=1515500524616"
}
COOKIES=> {
  "logInFailed": "true",
  "sessionid": "1515500524616"
}
BODY=> {
  "userName": "ashdhdiask",
  "place": ""
}
------------------------------
Tue Jan 09 2018 5:56:47 PM
GET /login.html
HEADERS=> {
  "host": "localhost:8000",
  "connection": "keep-alive",
  "cache-control": "max-age=0",
  "upgrade-insecure-requests": "1",
  "user-agent": "Mozilla/5.0 (Macintosh; Intel Mac OS X 10_13_2) AppleWebKit/537.36 (KHTML, like Gecko) Chrome/63.0.3239.84 Safari/537.36",
  "accept": "text/html,application/xhtml+xml,application/xml;q=0.9,image/webp,image/apng,*/*;q=0.8",
  "referer": "http://localhost:8000/login.html",
  "accept-encoding": "gzip, deflate, br",
  "accept-language": "en-US,en;q=0.9",
  "cookie": "logInFailed=true; sessionid=1515500524616"
}
COOKIES=> {
  "logInFailed": "true",
  "sessionid": "1515500524616"
}
BODY=> {}
------------------------------
Tue Jan 09 2018 5:56:47 PM
GET /css/main.css
HEADERS=> {
  "host": "localhost:8000",
  "connection": "keep-alive",
  "user-agent": "Mozilla/5.0 (Macintosh; Intel Mac OS X 10_13_2) AppleWebKit/537.36 (KHTML, like Gecko) Chrome/63.0.3239.84 Safari/537.36",
  "accept": "text/css,*/*;q=0.1",
  "referer": "http://localhost:8000/login.html",
  "accept-encoding": "gzip, deflate, br",
  "accept-language": "en-US,en;q=0.9",
  "cookie": "logInFailed=true; sessionid=1515500524616"
}
COOKIES=> {
  "logInFailed": "true",
  "sessionid": "1515500524616"
}
BODY=> {}
------------------------------
Tue Jan 09 2018 5:56:54 PM
POST /login.html
HEADERS=> {
  "host": "localhost:8000",
  "connection": "keep-alive",
  "content-length": "23",
  "cache-control": "max-age=0",
  "origin": "http://localhost:8000",
  "upgrade-insecure-requests": "1",
  "content-type": "application/x-www-form-urlencoded",
  "user-agent": "Mozilla/5.0 (Macintosh; Intel Mac OS X 10_13_2) AppleWebKit/537.36 (KHTML, like Gecko) Chrome/63.0.3239.84 Safari/537.36",
  "accept": "text/html,application/xhtml+xml,application/xml;q=0.9,image/webp,image/apng,*/*;q=0.8",
  "referer": "http://localhost:8000/login.html",
  "accept-encoding": "gzip, deflate, br",
  "accept-language": "en-US,en;q=0.9",
  "cookie": "logInFailed=true; sessionid=1515500524616"
}
COOKIES=> {
  "logInFailed": "true",
  "sessionid": "1515500524616"
}
BODY=> {
  "userName": "pranavb",
  "place": ""
}
------------------------------
Tue Jan 09 2018 5:56:54 PM
GET /index.html
HEADERS=> {
  "host": "localhost:8000",
  "connection": "keep-alive",
  "cache-control": "max-age=0",
  "upgrade-insecure-requests": "1",
  "user-agent": "Mozilla/5.0 (Macintosh; Intel Mac OS X 10_13_2) AppleWebKit/537.36 (KHTML, like Gecko) Chrome/63.0.3239.84 Safari/537.36",
  "accept": "text/html,application/xhtml+xml,application/xml;q=0.9,image/webp,image/apng,*/*;q=0.8",
  "referer": "http://localhost:8000/login.html",
  "accept-encoding": "gzip, deflate, br",
  "accept-language": "en-US,en;q=0.9",
  "cookie": "logInFailed=true; sessionid=1515500814904"
}
COOKIES=> {
  "logInFailed": "true",
  "sessionid": "1515500814904"
}
BODY=> {}
------------------------------
Tue Jan 09 2018 5:56:54 PM
GET /css/main.css
HEADERS=> {
  "host": "localhost:8000",
  "connection": "keep-alive",
  "user-agent": "Mozilla/5.0 (Macintosh; Intel Mac OS X 10_13_2) AppleWebKit/537.36 (KHTML, like Gecko) Chrome/63.0.3239.84 Safari/537.36",
  "accept": "text/css,*/*;q=0.1",
  "referer": "http://localhost:8000/index.html",
  "accept-encoding": "gzip, deflate, br",
  "accept-language": "en-US,en;q=0.9",
  "cookie": "logInFailed=true; sessionid=1515500814904"
}
COOKIES=> {
  "logInFailed": "true",
  "sessionid": "1515500814904"
}
BODY=> {}
------------------------------
Tue Jan 09 2018 5:56:54 PM
GET /js/animateGif.js
HEADERS=> {
  "host": "localhost:8000",
  "connection": "keep-alive",
  "user-agent": "Mozilla/5.0 (Macintosh; Intel Mac OS X 10_13_2) AppleWebKit/537.36 (KHTML, like Gecko) Chrome/63.0.3239.84 Safari/537.36",
  "accept": "*/*",
  "referer": "http://localhost:8000/index.html",
  "accept-encoding": "gzip, deflate, br",
  "accept-language": "en-US,en;q=0.9",
  "cookie": "logInFailed=true; sessionid=1515500814904"
}
COOKIES=> {
  "logInFailed": "true",
  "sessionid": "1515500814904"
}
BODY=> {}
------------------------------
Tue Jan 09 2018 5:56:54 PM
GET /resources/freshorigins.jpg
HEADERS=> {
  "host": "localhost:8000",
  "connection": "keep-alive",
  "user-agent": "Mozilla/5.0 (Macintosh; Intel Mac OS X 10_13_2) AppleWebKit/537.36 (KHTML, like Gecko) Chrome/63.0.3239.84 Safari/537.36",
  "accept": "image/webp,image/apng,image/*,*/*;q=0.8",
  "referer": "http://localhost:8000/index.html",
  "accept-encoding": "gzip, deflate, br",
  "accept-language": "en-US,en;q=0.9",
  "cookie": "logInFailed=true; sessionid=1515500814904"
}
COOKIES=> {
  "logInFailed": "true",
  "sessionid": "1515500814904"
}
BODY=> {}
------------------------------
Tue Jan 09 2018 5:56:54 PM
GET /resources/animated-flower-image-0021.gif
HEADERS=> {
  "host": "localhost:8000",
  "connection": "keep-alive",
  "user-agent": "Mozilla/5.0 (Macintosh; Intel Mac OS X 10_13_2) AppleWebKit/537.36 (KHTML, like Gecko) Chrome/63.0.3239.84 Safari/537.36",
  "accept": "image/webp,image/apng,image/*,*/*;q=0.8",
  "referer": "http://localhost:8000/index.html",
  "accept-encoding": "gzip, deflate, br",
  "accept-language": "en-US,en;q=0.9",
  "cookie": "logInFailed=true; sessionid=1515500814904"
}
COOKIES=> {
  "logInFailed": "true",
  "sessionid": "1515500814904"
}
BODY=> {}
------------------------------
Tue Jan 09 2018 5:58:54 PM
GET /index.html
HEADERS=> {
  "host": "localhost:8000",
  "connection": "keep-alive",
  "cache-control": "max-age=0",
  "user-agent": "Mozilla/5.0 (Macintosh; Intel Mac OS X 10_13_2) AppleWebKit/537.36 (KHTML, like Gecko) Chrome/63.0.3239.84 Safari/537.36",
  "upgrade-insecure-requests": "1",
  "accept": "text/html,application/xhtml+xml,application/xml;q=0.9,image/webp,image/apng,*/*;q=0.8",
  "accept-encoding": "gzip, deflate, br",
  "accept-language": "en-US,en;q=0.9",
  "cookie": "logInFailed=true; sessionid=1515500814904"
}
COOKIES=> {
  "logInFailed": "true",
  "sessionid": "1515500814904"
}
BODY=> {}
------------------------------
Tue Jan 09 2018 5:58:54 PM
GET /css/main.css
HEADERS=> {
  "host": "localhost:8000",
  "connection": "keep-alive",
  "user-agent": "Mozilla/5.0 (Macintosh; Intel Mac OS X 10_13_2) AppleWebKit/537.36 (KHTML, like Gecko) Chrome/63.0.3239.84 Safari/537.36",
  "accept": "text/css,*/*;q=0.1",
  "referer": "http://localhost:8000/index.html",
  "accept-encoding": "gzip, deflate, br",
  "accept-language": "en-US,en;q=0.9",
  "cookie": "logInFailed=true; sessionid=1515500814904"
}
COOKIES=> {
  "logInFailed": "true",
  "sessionid": "1515500814904"
}
BODY=> {}
------------------------------
Tue Jan 09 2018 5:58:54 PM
GET /js/animateGif.js
HEADERS=> {
  "host": "localhost:8000",
  "connection": "keep-alive",
  "user-agent": "Mozilla/5.0 (Macintosh; Intel Mac OS X 10_13_2) AppleWebKit/537.36 (KHTML, like Gecko) Chrome/63.0.3239.84 Safari/537.36",
  "accept": "*/*",
  "referer": "http://localhost:8000/index.html",
  "accept-encoding": "gzip, deflate, br",
  "accept-language": "en-US,en;q=0.9",
  "cookie": "logInFailed=true; sessionid=1515500814904"
}
COOKIES=> {
  "logInFailed": "true",
  "sessionid": "1515500814904"
}
BODY=> {}
------------------------------
Tue Jan 09 2018 5:58:54 PM
GET /resources/freshorigins.jpg
HEADERS=> {
  "host": "localhost:8000",
  "connection": "keep-alive",
  "user-agent": "Mozilla/5.0 (Macintosh; Intel Mac OS X 10_13_2) AppleWebKit/537.36 (KHTML, like Gecko) Chrome/63.0.3239.84 Safari/537.36",
  "accept": "image/webp,image/apng,image/*,*/*;q=0.8",
  "referer": "http://localhost:8000/index.html",
  "accept-encoding": "gzip, deflate, br",
  "accept-language": "en-US,en;q=0.9",
  "cookie": "logInFailed=true; sessionid=1515500814904"
}
COOKIES=> {
  "logInFailed": "true",
  "sessionid": "1515500814904"
}
BODY=> {}
------------------------------
Tue Jan 09 2018 5:58:54 PM
GET /resources/animated-flower-image-0021.gif
HEADERS=> {
  "host": "localhost:8000",
  "connection": "keep-alive",
  "user-agent": "Mozilla/5.0 (Macintosh; Intel Mac OS X 10_13_2) AppleWebKit/537.36 (KHTML, like Gecko) Chrome/63.0.3239.84 Safari/537.36",
  "accept": "image/webp,image/apng,image/*,*/*;q=0.8",
  "referer": "http://localhost:8000/index.html",
  "accept-encoding": "gzip, deflate, br",
  "accept-language": "en-US,en;q=0.9",
  "cookie": "logInFailed=true; sessionid=1515500814904"
}
COOKIES=> {
  "logInFailed": "true",
  "sessionid": "1515500814904"
}
BODY=> {}
------------------------------
Tue Jan 09 2018 5:58:56 PM
GET /login.html
HEADERS=> {
  "host": "localhost:8000",
  "connection": "keep-alive",
  "upgrade-insecure-requests": "1",
  "user-agent": "Mozilla/5.0 (Macintosh; Intel Mac OS X 10_13_2) AppleWebKit/537.36 (KHTML, like Gecko) Chrome/63.0.3239.84 Safari/537.36",
  "accept": "text/html,application/xhtml+xml,application/xml;q=0.9,image/webp,image/apng,*/*;q=0.8",
  "referer": "http://localhost:8000/index.html",
  "accept-encoding": "gzip, deflate, br",
  "accept-language": "en-US,en;q=0.9",
  "cookie": "logInFailed=true; sessionid=1515500814904"
}
COOKIES=> {
  "logInFailed": "true",
  "sessionid": "1515500814904"
}
BODY=> {}
------------------------------
Tue Jan 09 2018 5:58:56 PM
GET /css/main.css
HEADERS=> {
  "host": "localhost:8000",
  "connection": "keep-alive",
  "user-agent": "Mozilla/5.0 (Macintosh; Intel Mac OS X 10_13_2) AppleWebKit/537.36 (KHTML, like Gecko) Chrome/63.0.3239.84 Safari/537.36",
  "accept": "text/css,*/*;q=0.1",
  "referer": "http://localhost:8000/login.html",
  "accept-encoding": "gzip, deflate, br",
  "accept-language": "en-US,en;q=0.9",
  "cookie": "logInFailed=true; sessionid=1515500814904"
}
COOKIES=> {
  "logInFailed": "true",
  "sessionid": "1515500814904"
}
BODY=> {}
------------------------------
Tue Jan 09 2018 5:59:00 PM
POST /login.html
HEADERS=> {
  "host": "localhost:8000",
  "connection": "keep-alive",
  "content-length": "23",
  "cache-control": "max-age=0",
  "origin": "http://localhost:8000",
  "upgrade-insecure-requests": "1",
  "content-type": "application/x-www-form-urlencoded",
  "user-agent": "Mozilla/5.0 (Macintosh; Intel Mac OS X 10_13_2) AppleWebKit/537.36 (KHTML, like Gecko) Chrome/63.0.3239.84 Safari/537.36",
  "accept": "text/html,application/xhtml+xml,application/xml;q=0.9,image/webp,image/apng,*/*;q=0.8",
  "referer": "http://localhost:8000/login.html",
  "accept-encoding": "gzip, deflate, br",
  "accept-language": "en-US,en;q=0.9",
  "cookie": "logInFailed=true; sessionid=1515500814904"
}
COOKIES=> {
  "logInFailed": "true",
  "sessionid": "1515500814904"
}
BODY=> {
  "userName": "pranavb",
  "place": ""
}
------------------------------
Tue Jan 09 2018 5:59:00 PM
GET /index.html
HEADERS=> {
  "host": "localhost:8000",
  "connection": "keep-alive",
  "cache-control": "max-age=0",
  "upgrade-insecure-requests": "1",
  "user-agent": "Mozilla/5.0 (Macintosh; Intel Mac OS X 10_13_2) AppleWebKit/537.36 (KHTML, like Gecko) Chrome/63.0.3239.84 Safari/537.36",
  "accept": "text/html,application/xhtml+xml,application/xml;q=0.9,image/webp,image/apng,*/*;q=0.8",
  "referer": "http://localhost:8000/login.html",
  "accept-encoding": "gzip, deflate, br",
  "accept-language": "en-US,en;q=0.9",
  "cookie": "logInFailed=true; sessionid=1515500940491"
}
COOKIES=> {
  "logInFailed": "true",
  "sessionid": "1515500940491"
}
BODY=> {}
------------------------------
Tue Jan 09 2018 5:59:00 PM
GET /css/main.css
HEADERS=> {
  "host": "localhost:8000",
  "connection": "keep-alive",
  "user-agent": "Mozilla/5.0 (Macintosh; Intel Mac OS X 10_13_2) AppleWebKit/537.36 (KHTML, like Gecko) Chrome/63.0.3239.84 Safari/537.36",
  "accept": "text/css,*/*;q=0.1",
  "referer": "http://localhost:8000/index.html",
  "accept-encoding": "gzip, deflate, br",
  "accept-language": "en-US,en;q=0.9",
  "cookie": "logInFailed=true; sessionid=1515500940491"
}
COOKIES=> {
  "logInFailed": "true",
  "sessionid": "1515500940491"
}
BODY=> {}
------------------------------
Tue Jan 09 2018 5:59:00 PM
GET /js/animateGif.js
HEADERS=> {
  "host": "localhost:8000",
  "connection": "keep-alive",
  "user-agent": "Mozilla/5.0 (Macintosh; Intel Mac OS X 10_13_2) AppleWebKit/537.36 (KHTML, like Gecko) Chrome/63.0.3239.84 Safari/537.36",
  "accept": "*/*",
  "referer": "http://localhost:8000/index.html",
  "accept-encoding": "gzip, deflate, br",
  "accept-language": "en-US,en;q=0.9",
  "cookie": "logInFailed=true; sessionid=1515500940491"
}
COOKIES=> {
  "logInFailed": "true",
  "sessionid": "1515500940491"
}
BODY=> {}
------------------------------
Tue Jan 09 2018 5:59:00 PM
GET /resources/freshorigins.jpg
HEADERS=> {
  "host": "localhost:8000",
  "connection": "keep-alive",
  "user-agent": "Mozilla/5.0 (Macintosh; Intel Mac OS X 10_13_2) AppleWebKit/537.36 (KHTML, like Gecko) Chrome/63.0.3239.84 Safari/537.36",
  "accept": "image/webp,image/apng,image/*,*/*;q=0.8",
  "referer": "http://localhost:8000/index.html",
  "accept-encoding": "gzip, deflate, br",
  "accept-language": "en-US,en;q=0.9",
  "cookie": "logInFailed=true; sessionid=1515500940491"
}
COOKIES=> {
  "logInFailed": "true",
  "sessionid": "1515500940491"
}
BODY=> {}
------------------------------
Tue Jan 09 2018 5:59:00 PM
GET /resources/animated-flower-image-0021.gif
HEADERS=> {
  "host": "localhost:8000",
  "connection": "keep-alive",
  "user-agent": "Mozilla/5.0 (Macintosh; Intel Mac OS X 10_13_2) AppleWebKit/537.36 (KHTML, like Gecko) Chrome/63.0.3239.84 Safari/537.36",
  "accept": "image/webp,image/apng,image/*,*/*;q=0.8",
  "referer": "http://localhost:8000/index.html",
  "accept-encoding": "gzip, deflate, br",
  "accept-language": "en-US,en;q=0.9",
  "cookie": "logInFailed=true; sessionid=1515500940491"
}
COOKIES=> {
  "logInFailed": "true",
  "sessionid": "1515500940491"
}
BODY=> {}
------------------------------
Tue Jan 09 2018 5:59:02 PM
GET /login.html
HEADERS=> {
  "host": "localhost:8000",
  "connection": "keep-alive",
  "upgrade-insecure-requests": "1",
  "user-agent": "Mozilla/5.0 (Macintosh; Intel Mac OS X 10_13_2) AppleWebKit/537.36 (KHTML, like Gecko) Chrome/63.0.3239.84 Safari/537.36",
  "accept": "text/html,application/xhtml+xml,application/xml;q=0.9,image/webp,image/apng,*/*;q=0.8",
  "referer": "http://localhost:8000/index.html",
  "accept-encoding": "gzip, deflate, br",
  "accept-language": "en-US,en;q=0.9",
  "cookie": "logInFailed=true; sessionid=1515500940491"
}
COOKIES=> {
  "logInFailed": "true",
  "sessionid": "1515500940491"
}
BODY=> {}
------------------------------
Tue Jan 09 2018 5:59:02 PM
GET /index
HEADERS=> {
  "host": "localhost:8000",
  "connection": "keep-alive",
  "upgrade-insecure-requests": "1",
  "user-agent": "Mozilla/5.0 (Macintosh; Intel Mac OS X 10_13_2) AppleWebKit/537.36 (KHTML, like Gecko) Chrome/63.0.3239.84 Safari/537.36",
  "accept": "text/html,application/xhtml+xml,application/xml;q=0.9,image/webp,image/apng,*/*;q=0.8",
  "referer": "http://localhost:8000/index.html",
  "accept-encoding": "gzip, deflate, br",
  "accept-language": "en-US,en;q=0.9",
  "cookie": "logInFailed=true; sessionid=1515500940491"
}
COOKIES=> {
  "logInFailed": "true",
  "sessionid": "1515500940491"
}
BODY=> {}
------------------------------
Tue Jan 09 2018 5:59:16 PM
GET /
HEADERS=> {
  "host": "localhost:8000",
  "connection": "keep-alive",
  "user-agent": "Mozilla/5.0 (Macintosh; Intel Mac OS X 10_13_2) AppleWebKit/537.36 (KHTML, like Gecko) Chrome/63.0.3239.84 Safari/537.36",
  "upgrade-insecure-requests": "1",
  "accept": "text/html,application/xhtml+xml,application/xml;q=0.9,image/webp,image/apng,*/*;q=0.8",
  "accept-encoding": "gzip, deflate, br",
  "accept-language": "en-US,en;q=0.9",
  "cookie": "logInFailed=true; sessionid=1515500940491"
}
COOKIES=> {
  "logInFailed": "true",
  "sessionid": "1515500940491"
}
BODY=> {}
------------------------------
Tue Jan 09 2018 5:59:16 PM
GET /css/main.css
HEADERS=> {
  "host": "localhost:8000",
  "connection": "keep-alive",
  "user-agent": "Mozilla/5.0 (Macintosh; Intel Mac OS X 10_13_2) AppleWebKit/537.36 (KHTML, like Gecko) Chrome/63.0.3239.84 Safari/537.36",
  "accept": "text/css,*/*;q=0.1",
  "referer": "http://localhost:8000/",
  "accept-encoding": "gzip, deflate, br",
  "accept-language": "en-US,en;q=0.9",
  "cookie": "logInFailed=true; sessionid=1515500940491"
}
COOKIES=> {
  "logInFailed": "true",
  "sessionid": "1515500940491"
}
BODY=> {}
------------------------------
Tue Jan 09 2018 5:59:16 PM
GET /js/animateGif.js
HEADERS=> {
  "host": "localhost:8000",
  "connection": "keep-alive",
  "user-agent": "Mozilla/5.0 (Macintosh; Intel Mac OS X 10_13_2) AppleWebKit/537.36 (KHTML, like Gecko) Chrome/63.0.3239.84 Safari/537.36",
  "accept": "*/*",
  "referer": "http://localhost:8000/",
  "accept-encoding": "gzip, deflate, br",
  "accept-language": "en-US,en;q=0.9",
  "cookie": "logInFailed=true; sessionid=1515500940491"
}
COOKIES=> {
  "logInFailed": "true",
  "sessionid": "1515500940491"
}
BODY=> {}
------------------------------
Tue Jan 09 2018 5:59:16 PM
GET /resources/freshorigins.jpg
HEADERS=> {
  "host": "localhost:8000",
  "connection": "keep-alive",
  "user-agent": "Mozilla/5.0 (Macintosh; Intel Mac OS X 10_13_2) AppleWebKit/537.36 (KHTML, like Gecko) Chrome/63.0.3239.84 Safari/537.36",
  "accept": "image/webp,image/apng,image/*,*/*;q=0.8",
  "referer": "http://localhost:8000/",
  "accept-encoding": "gzip, deflate, br",
  "accept-language": "en-US,en;q=0.9",
  "cookie": "logInFailed=true; sessionid=1515500940491"
}
COOKIES=> {
  "logInFailed": "true",
  "sessionid": "1515500940491"
}
BODY=> {}
------------------------------
Tue Jan 09 2018 5:59:16 PM
GET /resources/animated-flower-image-0021.gif
HEADERS=> {
  "host": "localhost:8000",
  "connection": "keep-alive",
  "user-agent": "Mozilla/5.0 (Macintosh; Intel Mac OS X 10_13_2) AppleWebKit/537.36 (KHTML, like Gecko) Chrome/63.0.3239.84 Safari/537.36",
  "accept": "image/webp,image/apng,image/*,*/*;q=0.8",
  "referer": "http://localhost:8000/",
  "accept-encoding": "gzip, deflate, br",
  "accept-language": "en-US,en;q=0.9",
  "cookie": "logInFailed=true; sessionid=1515500940491"
}
COOKIES=> {
  "logInFailed": "true",
  "sessionid": "1515500940491"
}
BODY=> {}
------------------------------
Tue Jan 09 2018 5:59:17 PM
GET /login.html
HEADERS=> {
  "host": "localhost:8000",
  "connection": "keep-alive",
  "upgrade-insecure-requests": "1",
  "user-agent": "Mozilla/5.0 (Macintosh; Intel Mac OS X 10_13_2) AppleWebKit/537.36 (KHTML, like Gecko) Chrome/63.0.3239.84 Safari/537.36",
  "accept": "text/html,application/xhtml+xml,application/xml;q=0.9,image/webp,image/apng,*/*;q=0.8",
  "referer": "http://localhost:8000/",
  "accept-encoding": "gzip, deflate, br",
  "accept-language": "en-US,en;q=0.9",
  "cookie": "logInFailed=true; sessionid=1515500940491"
}
COOKIES=> {
  "logInFailed": "true",
  "sessionid": "1515500940491"
}
BODY=> {}
------------------------------
Tue Jan 09 2018 5:59:17 PM
GET /css/main.css
HEADERS=> {
  "host": "localhost:8000",
  "connection": "keep-alive",
  "user-agent": "Mozilla/5.0 (Macintosh; Intel Mac OS X 10_13_2) AppleWebKit/537.36 (KHTML, like Gecko) Chrome/63.0.3239.84 Safari/537.36",
  "accept": "text/css,*/*;q=0.1",
  "referer": "http://localhost:8000/login.html",
  "accept-encoding": "gzip, deflate, br",
  "accept-language": "en-US,en;q=0.9",
  "cookie": "logInFailed=true; sessionid=1515500940491"
}
COOKIES=> {
  "logInFailed": "true",
  "sessionid": "1515500940491"
}
BODY=> {}
------------------------------
Tue Jan 09 2018 5:59:20 PM
POST /login.html
HEADERS=> {
  "host": "localhost:8000",
  "connection": "keep-alive",
  "content-length": "23",
  "cache-control": "max-age=0",
  "origin": "http://localhost:8000",
  "upgrade-insecure-requests": "1",
  "content-type": "application/x-www-form-urlencoded",
  "user-agent": "Mozilla/5.0 (Macintosh; Intel Mac OS X 10_13_2) AppleWebKit/537.36 (KHTML, like Gecko) Chrome/63.0.3239.84 Safari/537.36",
  "accept": "text/html,application/xhtml+xml,application/xml;q=0.9,image/webp,image/apng,*/*;q=0.8",
  "referer": "http://localhost:8000/login.html",
  "accept-encoding": "gzip, deflate, br",
  "accept-language": "en-US,en;q=0.9",
  "cookie": "logInFailed=true; sessionid=1515500940491"
}
COOKIES=> {
  "logInFailed": "true",
  "sessionid": "1515500940491"
}
BODY=> {
  "userName": "pranavb",
  "place": ""
}
------------------------------
Tue Jan 09 2018 5:59:20 PM
GET /index.html
HEADERS=> {
  "host": "localhost:8000",
  "connection": "keep-alive",
  "cache-control": "max-age=0",
  "upgrade-insecure-requests": "1",
  "user-agent": "Mozilla/5.0 (Macintosh; Intel Mac OS X 10_13_2) AppleWebKit/537.36 (KHTML, like Gecko) Chrome/63.0.3239.84 Safari/537.36",
  "accept": "text/html,application/xhtml+xml,application/xml;q=0.9,image/webp,image/apng,*/*;q=0.8",
  "referer": "http://localhost:8000/login.html",
  "accept-encoding": "gzip, deflate, br",
  "accept-language": "en-US,en;q=0.9",
  "cookie": "logInFailed=true; sessionid=1515500960678"
}
COOKIES=> {
  "logInFailed": "true",
  "sessionid": "1515500960678"
}
BODY=> {}
------------------------------
Tue Jan 09 2018 5:59:20 PM
GET /css/main.css
HEADERS=> {
  "host": "localhost:8000",
  "connection": "keep-alive",
  "user-agent": "Mozilla/5.0 (Macintosh; Intel Mac OS X 10_13_2) AppleWebKit/537.36 (KHTML, like Gecko) Chrome/63.0.3239.84 Safari/537.36",
  "accept": "text/css,*/*;q=0.1",
  "referer": "http://localhost:8000/index.html",
  "accept-encoding": "gzip, deflate, br",
  "accept-language": "en-US,en;q=0.9",
  "cookie": "logInFailed=true; sessionid=1515500960678"
}
COOKIES=> {
  "logInFailed": "true",
  "sessionid": "1515500960678"
}
BODY=> {}
------------------------------
Tue Jan 09 2018 5:59:20 PM
GET /js/animateGif.js
HEADERS=> {
  "host": "localhost:8000",
  "connection": "keep-alive",
  "user-agent": "Mozilla/5.0 (Macintosh; Intel Mac OS X 10_13_2) AppleWebKit/537.36 (KHTML, like Gecko) Chrome/63.0.3239.84 Safari/537.36",
  "accept": "*/*",
  "referer": "http://localhost:8000/index.html",
  "accept-encoding": "gzip, deflate, br",
  "accept-language": "en-US,en;q=0.9",
  "cookie": "logInFailed=true; sessionid=1515500960678"
}
COOKIES=> {
  "logInFailed": "true",
  "sessionid": "1515500960678"
}
BODY=> {}
------------------------------
Tue Jan 09 2018 5:59:20 PM
GET /resources/freshorigins.jpg
HEADERS=> {
  "host": "localhost:8000",
  "connection": "keep-alive",
  "user-agent": "Mozilla/5.0 (Macintosh; Intel Mac OS X 10_13_2) AppleWebKit/537.36 (KHTML, like Gecko) Chrome/63.0.3239.84 Safari/537.36",
  "accept": "image/webp,image/apng,image/*,*/*;q=0.8",
  "referer": "http://localhost:8000/index.html",
  "accept-encoding": "gzip, deflate, br",
  "accept-language": "en-US,en;q=0.9",
  "cookie": "logInFailed=true; sessionid=1515500960678"
}
COOKIES=> {
  "logInFailed": "true",
  "sessionid": "1515500960678"
}
BODY=> {}
------------------------------
Tue Jan 09 2018 5:59:20 PM
GET /resources/animated-flower-image-0021.gif
HEADERS=> {
  "host": "localhost:8000",
  "connection": "keep-alive",
  "user-agent": "Mozilla/5.0 (Macintosh; Intel Mac OS X 10_13_2) AppleWebKit/537.36 (KHTML, like Gecko) Chrome/63.0.3239.84 Safari/537.36",
  "accept": "image/webp,image/apng,image/*,*/*;q=0.8",
  "referer": "http://localhost:8000/index.html",
  "accept-encoding": "gzip, deflate, br",
  "accept-language": "en-US,en;q=0.9",
  "cookie": "logInFailed=true; sessionid=1515500960678"
}
COOKIES=> {
  "logInFailed": "true",
  "sessionid": "1515500960678"
}
BODY=> {}
------------------------------
Tue Jan 09 2018 5:59:22 PM
GET /login.html
HEADERS=> {
  "host": "localhost:8000",
  "connection": "keep-alive",
  "upgrade-insecure-requests": "1",
  "user-agent": "Mozilla/5.0 (Macintosh; Intel Mac OS X 10_13_2) AppleWebKit/537.36 (KHTML, like Gecko) Chrome/63.0.3239.84 Safari/537.36",
  "accept": "text/html,application/xhtml+xml,application/xml;q=0.9,image/webp,image/apng,*/*;q=0.8",
  "referer": "http://localhost:8000/index.html",
  "accept-encoding": "gzip, deflate, br",
  "accept-language": "en-US,en;q=0.9",
  "cookie": "logInFailed=true; sessionid=1515500960678"
}
COOKIES=> {
  "logInFailed": "true",
  "sessionid": "1515500960678"
}
BODY=> {}
------------------------------
Tue Jan 09 2018 5:59:22 PM
GET /index.html
HEADERS=> {
  "host": "localhost:8000",
  "connection": "keep-alive",
  "upgrade-insecure-requests": "1",
  "user-agent": "Mozilla/5.0 (Macintosh; Intel Mac OS X 10_13_2) AppleWebKit/537.36 (KHTML, like Gecko) Chrome/63.0.3239.84 Safari/537.36",
  "accept": "text/html,application/xhtml+xml,application/xml;q=0.9,image/webp,image/apng,*/*;q=0.8",
  "referer": "http://localhost:8000/index.html",
  "accept-encoding": "gzip, deflate, br",
  "accept-language": "en-US,en;q=0.9",
  "cookie": "logInFailed=true; sessionid=1515500960678"
}
COOKIES=> {
  "logInFailed": "true",
  "sessionid": "1515500960678"
}
BODY=> {}
------------------------------
Tue Jan 09 2018 5:59:22 PM
GET /css/main.css
HEADERS=> {
  "host": "localhost:8000",
  "connection": "keep-alive",
  "user-agent": "Mozilla/5.0 (Macintosh; Intel Mac OS X 10_13_2) AppleWebKit/537.36 (KHTML, like Gecko) Chrome/63.0.3239.84 Safari/537.36",
  "accept": "text/css,*/*;q=0.1",
  "referer": "http://localhost:8000/index.html",
  "accept-encoding": "gzip, deflate, br",
  "accept-language": "en-US,en;q=0.9",
  "cookie": "logInFailed=true; sessionid=1515500960678"
}
COOKIES=> {
  "logInFailed": "true",
  "sessionid": "1515500960678"
}
BODY=> {}
------------------------------
Tue Jan 09 2018 5:59:22 PM
GET /js/animateGif.js
HEADERS=> {
  "host": "localhost:8000",
  "connection": "keep-alive",
  "user-agent": "Mozilla/5.0 (Macintosh; Intel Mac OS X 10_13_2) AppleWebKit/537.36 (KHTML, like Gecko) Chrome/63.0.3239.84 Safari/537.36",
  "accept": "*/*",
  "referer": "http://localhost:8000/index.html",
  "accept-encoding": "gzip, deflate, br",
  "accept-language": "en-US,en;q=0.9",
  "cookie": "logInFailed=true; sessionid=1515500960678"
}
COOKIES=> {
  "logInFailed": "true",
  "sessionid": "1515500960678"
}
BODY=> {}
------------------------------
Tue Jan 09 2018 5:59:22 PM
GET /resources/freshorigins.jpg
HEADERS=> {
  "host": "localhost:8000",
  "connection": "keep-alive",
  "user-agent": "Mozilla/5.0 (Macintosh; Intel Mac OS X 10_13_2) AppleWebKit/537.36 (KHTML, like Gecko) Chrome/63.0.3239.84 Safari/537.36",
  "accept": "image/webp,image/apng,image/*,*/*;q=0.8",
  "referer": "http://localhost:8000/index.html",
  "accept-encoding": "gzip, deflate, br",
  "accept-language": "en-US,en;q=0.9",
  "cookie": "logInFailed=true; sessionid=1515500960678"
}
COOKIES=> {
  "logInFailed": "true",
  "sessionid": "1515500960678"
}
BODY=> {}
------------------------------
Tue Jan 09 2018 5:59:22 PM
GET /resources/animated-flower-image-0021.gif
HEADERS=> {
  "host": "localhost:8000",
  "connection": "keep-alive",
  "user-agent": "Mozilla/5.0 (Macintosh; Intel Mac OS X 10_13_2) AppleWebKit/537.36 (KHTML, like Gecko) Chrome/63.0.3239.84 Safari/537.36",
  "accept": "image/webp,image/apng,image/*,*/*;q=0.8",
  "referer": "http://localhost:8000/index.html",
  "accept-encoding": "gzip, deflate, br",
  "accept-language": "en-US,en;q=0.9",
  "cookie": "logInFailed=true; sessionid=1515500960678"
}
COOKIES=> {
  "logInFailed": "true",
  "sessionid": "1515500960678"
}
BODY=> {}
------------------------------
Tue Jan 09 2018 5:59:31 PM
GET /logout
HEADERS=> {
  "host": "localhost:8000",
  "connection": "keep-alive",
  "user-agent": "Mozilla/5.0 (Macintosh; Intel Mac OS X 10_13_2) AppleWebKit/537.36 (KHTML, like Gecko) Chrome/63.0.3239.84 Safari/537.36",
  "upgrade-insecure-requests": "1",
  "accept": "text/html,application/xhtml+xml,application/xml;q=0.9,image/webp,image/apng,*/*;q=0.8",
  "accept-encoding": "gzip, deflate, br",
  "accept-language": "en-US,en;q=0.9",
  "cookie": "logInFailed=true; sessionid=1515500960678"
}
COOKIES=> {
  "logInFailed": "true",
  "sessionid": "1515500960678"
}
BODY=> {}
------------------------------
Tue Jan 09 2018 5:59:31 PM
GET /login.html
HEADERS=> {
  "host": "localhost:8000",
  "connection": "keep-alive",
  "user-agent": "Mozilla/5.0 (Macintosh; Intel Mac OS X 10_13_2) AppleWebKit/537.36 (KHTML, like Gecko) Chrome/63.0.3239.84 Safari/537.36",
  "upgrade-insecure-requests": "1",
  "accept": "text/html,application/xhtml+xml,application/xml;q=0.9,image/webp,image/apng,*/*;q=0.8",
  "accept-encoding": "gzip, deflate, br",
  "accept-language": "en-US,en;q=0.9",
  "cookie": "logInFailed=false; Expires=Thu, 01 Jan 1970 00:00:00 GMT; sessionid=0"
}
COOKIES=> {
  "logInFailed": "false",
  "Expires": "Thu, 01 Jan 1970 00:00:00 GMT",
  "sessionid": "0"
}
BODY=> {}
------------------------------
Tue Jan 09 2018 5:59:32 PM
GET /css/main.css
HEADERS=> {
  "host": "localhost:8000",
  "connection": "keep-alive",
  "user-agent": "Mozilla/5.0 (Macintosh; Intel Mac OS X 10_13_2) AppleWebKit/537.36 (KHTML, like Gecko) Chrome/63.0.3239.84 Safari/537.36",
  "accept": "text/css,*/*;q=0.1",
  "referer": "http://localhost:8000/login.html",
  "accept-encoding": "gzip, deflate, br",
  "accept-language": "en-US,en;q=0.9",
  "cookie": "logInFailed=false; Expires=Thu, 01 Jan 1970 00:00:00 GMT; sessionid=0"
}
COOKIES=> {
  "logInFailed": "false",
  "Expires": "Thu, 01 Jan 1970 00:00:00 GMT",
  "sessionid": "0"
}
BODY=> {}
------------------------------
Tue Jan 09 2018 5:59:37 PM
GET /
HEADERS=> {
  "host": "localhost:8000",
  "connection": "keep-alive",
  "user-agent": "Mozilla/5.0 (Macintosh; Intel Mac OS X 10_13_2) AppleWebKit/537.36 (KHTML, like Gecko) Chrome/63.0.3239.84 Safari/537.36",
  "upgrade-insecure-requests": "1",
  "accept": "text/html,application/xhtml+xml,application/xml;q=0.9,image/webp,image/apng,*/*;q=0.8",
  "accept-encoding": "gzip, deflate, br",
  "accept-language": "en-US,en;q=0.9",
  "cookie": "logInFailed=false; Expires=Thu, 01 Jan 1970 00:00:00 GMT; sessionid=0"
}
COOKIES=> {
  "logInFailed": "false",
  "Expires": "Thu, 01 Jan 1970 00:00:00 GMT",
  "sessionid": "0"
}
BODY=> {}
------------------------------
Tue Jan 09 2018 5:59:37 PM
GET /css/main.css
HEADERS=> {
  "host": "localhost:8000",
  "connection": "keep-alive",
  "user-agent": "Mozilla/5.0 (Macintosh; Intel Mac OS X 10_13_2) AppleWebKit/537.36 (KHTML, like Gecko) Chrome/63.0.3239.84 Safari/537.36",
  "accept": "text/css,*/*;q=0.1",
  "referer": "http://localhost:8000/",
  "accept-encoding": "gzip, deflate, br",
  "accept-language": "en-US,en;q=0.9",
  "cookie": "logInFailed=false; Expires=Thu, 01 Jan 1970 00:00:00 GMT; sessionid=0"
}
COOKIES=> {
  "logInFailed": "false",
  "Expires": "Thu, 01 Jan 1970 00:00:00 GMT",
  "sessionid": "0"
}
BODY=> {}
------------------------------
Tue Jan 09 2018 5:59:37 PM
GET /js/animateGif.js
HEADERS=> {
  "host": "localhost:8000",
  "connection": "keep-alive",
  "user-agent": "Mozilla/5.0 (Macintosh; Intel Mac OS X 10_13_2) AppleWebKit/537.36 (KHTML, like Gecko) Chrome/63.0.3239.84 Safari/537.36",
  "accept": "*/*",
  "referer": "http://localhost:8000/",
  "accept-encoding": "gzip, deflate, br",
  "accept-language": "en-US,en;q=0.9",
  "cookie": "logInFailed=false; Expires=Thu, 01 Jan 1970 00:00:00 GMT; sessionid=0"
}
COOKIES=> {
  "logInFailed": "false",
  "Expires": "Thu, 01 Jan 1970 00:00:00 GMT",
  "sessionid": "0"
}
BODY=> {}
------------------------------
Tue Jan 09 2018 5:59:37 PM
GET /resources/freshorigins.jpg
HEADERS=> {
  "host": "localhost:8000",
  "connection": "keep-alive",
  "user-agent": "Mozilla/5.0 (Macintosh; Intel Mac OS X 10_13_2) AppleWebKit/537.36 (KHTML, like Gecko) Chrome/63.0.3239.84 Safari/537.36",
  "accept": "image/webp,image/apng,image/*,*/*;q=0.8",
  "referer": "http://localhost:8000/",
  "accept-encoding": "gzip, deflate, br",
  "accept-language": "en-US,en;q=0.9",
  "cookie": "logInFailed=false; Expires=Thu, 01 Jan 1970 00:00:00 GMT; sessionid=0"
}
COOKIES=> {
  "logInFailed": "false",
  "Expires": "Thu, 01 Jan 1970 00:00:00 GMT",
  "sessionid": "0"
}
BODY=> {}
------------------------------
Tue Jan 09 2018 5:59:37 PM
GET /resources/animated-flower-image-0021.gif
HEADERS=> {
  "host": "localhost:8000",
  "connection": "keep-alive",
  "user-agent": "Mozilla/5.0 (Macintosh; Intel Mac OS X 10_13_2) AppleWebKit/537.36 (KHTML, like Gecko) Chrome/63.0.3239.84 Safari/537.36",
  "accept": "image/webp,image/apng,image/*,*/*;q=0.8",
  "referer": "http://localhost:8000/",
  "accept-encoding": "gzip, deflate, br",
  "accept-language": "en-US,en;q=0.9",
  "cookie": "logInFailed=false; Expires=Thu, 01 Jan 1970 00:00:00 GMT; sessionid=0"
}
COOKIES=> {
  "logInFailed": "false",
  "Expires": "Thu, 01 Jan 1970 00:00:00 GMT",
  "sessionid": "0"
}
BODY=> {}
------------------------------
Tue Jan 09 2018 5:59:39 PM
GET /login.html
HEADERS=> {
  "host": "localhost:8000",
  "connection": "keep-alive",
  "upgrade-insecure-requests": "1",
  "user-agent": "Mozilla/5.0 (Macintosh; Intel Mac OS X 10_13_2) AppleWebKit/537.36 (KHTML, like Gecko) Chrome/63.0.3239.84 Safari/537.36",
  "accept": "text/html,application/xhtml+xml,application/xml;q=0.9,image/webp,image/apng,*/*;q=0.8",
  "referer": "http://localhost:8000/",
  "accept-encoding": "gzip, deflate, br",
  "accept-language": "en-US,en;q=0.9",
  "cookie": "logInFailed=false; Expires=Thu, 01 Jan 1970 00:00:00 GMT; sessionid=0"
}
COOKIES=> {
  "logInFailed": "false",
  "Expires": "Thu, 01 Jan 1970 00:00:00 GMT",
  "sessionid": "0"
}
BODY=> {}
------------------------------
Tue Jan 09 2018 5:59:39 PM
GET /css/main.css
HEADERS=> {
  "host": "localhost:8000",
  "connection": "keep-alive",
  "user-agent": "Mozilla/5.0 (Macintosh; Intel Mac OS X 10_13_2) AppleWebKit/537.36 (KHTML, like Gecko) Chrome/63.0.3239.84 Safari/537.36",
  "accept": "text/css,*/*;q=0.1",
  "referer": "http://localhost:8000/login.html",
  "accept-encoding": "gzip, deflate, br",
  "accept-language": "en-US,en;q=0.9",
  "cookie": "logInFailed=false; Expires=Thu, 01 Jan 1970 00:00:00 GMT; sessionid=0"
}
COOKIES=> {
  "logInFailed": "false",
  "Expires": "Thu, 01 Jan 1970 00:00:00 GMT",
  "sessionid": "0"
}
BODY=> {}
------------------------------
Tue Jan 09 2018 5:59:48 PM
GET /login.html
HEADERS=> {
  "host": "localhost:8000",
  "connection": "keep-alive",
  "upgrade-insecure-requests": "1",
  "user-agent": "Mozilla/5.0 (Macintosh; Intel Mac OS X 10_13_2) AppleWebKit/537.36 (KHTML, like Gecko) Chrome/63.0.3239.84 Safari/537.36",
  "accept": "text/html,application/xhtml+xml,application/xml;q=0.9,image/webp,image/apng,*/*;q=0.8",
  "referer": "http://localhost:8000/",
  "accept-encoding": "gzip, deflate, br",
  "accept-language": "en-US,en;q=0.9",
  "cookie": "logInFailed=false; Expires=Thu, 01 Jan 1970 00:00:00 GMT; sessionid=0"
}
COOKIES=> {
  "logInFailed": "false",
  "Expires": "Thu, 01 Jan 1970 00:00:00 GMT",
  "sessionid": "0"
}
BODY=> {}
------------------------------
Tue Jan 09 2018 5:59:48 PM
GET /css/main.css
HEADERS=> {
  "host": "localhost:8000",
  "connection": "keep-alive",
  "user-agent": "Mozilla/5.0 (Macintosh; Intel Mac OS X 10_13_2) AppleWebKit/537.36 (KHTML, like Gecko) Chrome/63.0.3239.84 Safari/537.36",
  "accept": "text/css,*/*;q=0.1",
  "referer": "http://localhost:8000/login.html",
  "accept-encoding": "gzip, deflate, br",
  "accept-language": "en-US,en;q=0.9",
  "cookie": "logInFailed=false; Expires=Thu, 01 Jan 1970 00:00:00 GMT; sessionid=0"
}
COOKIES=> {
  "logInFailed": "false",
  "Expires": "Thu, 01 Jan 1970 00:00:00 GMT",
  "sessionid": "0"
}
BODY=> {}
------------------------------
Tue Jan 09 2018 5:59:52 PM
POST /login.html
HEADERS=> {
  "host": "localhost:8000",
  "connection": "keep-alive",
  "content-length": "23",
  "cache-control": "max-age=0",
  "origin": "http://localhost:8000",
  "upgrade-insecure-requests": "1",
  "content-type": "application/x-www-form-urlencoded",
  "user-agent": "Mozilla/5.0 (Macintosh; Intel Mac OS X 10_13_2) AppleWebKit/537.36 (KHTML, like Gecko) Chrome/63.0.3239.84 Safari/537.36",
  "accept": "text/html,application/xhtml+xml,application/xml;q=0.9,image/webp,image/apng,*/*;q=0.8",
  "referer": "http://localhost:8000/login.html",
  "accept-encoding": "gzip, deflate, br",
  "accept-language": "en-US,en;q=0.9",
  "cookie": "logInFailed=false; Expires=Thu, 01 Jan 1970 00:00:00 GMT; sessionid=0"
}
COOKIES=> {
  "logInFailed": "false",
  "Expires": "Thu, 01 Jan 1970 00:00:00 GMT",
  "sessionid": "0"
}
BODY=> {
  "userName": "pranavb",
  "place": ""
}
------------------------------
Tue Jan 09 2018 5:59:52 PM
GET /index.html
HEADERS=> {
  "host": "localhost:8000",
  "connection": "keep-alive",
  "cache-control": "max-age=0",
  "upgrade-insecure-requests": "1",
  "user-agent": "Mozilla/5.0 (Macintosh; Intel Mac OS X 10_13_2) AppleWebKit/537.36 (KHTML, like Gecko) Chrome/63.0.3239.84 Safari/537.36",
  "accept": "text/html,application/xhtml+xml,application/xml;q=0.9,image/webp,image/apng,*/*;q=0.8",
  "referer": "http://localhost:8000/login.html",
  "accept-encoding": "gzip, deflate, br",
  "accept-language": "en-US,en;q=0.9",
  "cookie": "logInFailed=false; Expires=Thu, 01 Jan 1970 00:00:00 GMT; sessionid=1515500992157"
}
COOKIES=> {
  "logInFailed": "false",
  "Expires": "Thu, 01 Jan 1970 00:00:00 GMT",
  "sessionid": "1515500992157"
}
BODY=> {}
------------------------------
Tue Jan 09 2018 5:59:52 PM
GET /css/main.css
HEADERS=> {
  "host": "localhost:8000",
  "connection": "keep-alive",
  "user-agent": "Mozilla/5.0 (Macintosh; Intel Mac OS X 10_13_2) AppleWebKit/537.36 (KHTML, like Gecko) Chrome/63.0.3239.84 Safari/537.36",
  "accept": "text/css,*/*;q=0.1",
  "referer": "http://localhost:8000/index.html",
  "accept-encoding": "gzip, deflate, br",
  "accept-language": "en-US,en;q=0.9",
  "cookie": "logInFailed=false; Expires=Thu, 01 Jan 1970 00:00:00 GMT; sessionid=1515500992157"
}
COOKIES=> {
  "logInFailed": "false",
  "Expires": "Thu, 01 Jan 1970 00:00:00 GMT",
  "sessionid": "1515500992157"
}
BODY=> {}
------------------------------
Tue Jan 09 2018 5:59:52 PM
GET /js/animateGif.js
HEADERS=> {
  "host": "localhost:8000",
  "connection": "keep-alive",
  "user-agent": "Mozilla/5.0 (Macintosh; Intel Mac OS X 10_13_2) AppleWebKit/537.36 (KHTML, like Gecko) Chrome/63.0.3239.84 Safari/537.36",
  "accept": "*/*",
  "referer": "http://localhost:8000/index.html",
  "accept-encoding": "gzip, deflate, br",
  "accept-language": "en-US,en;q=0.9",
  "cookie": "logInFailed=false; Expires=Thu, 01 Jan 1970 00:00:00 GMT; sessionid=1515500992157"
}
COOKIES=> {
  "logInFailed": "false",
  "Expires": "Thu, 01 Jan 1970 00:00:00 GMT",
  "sessionid": "1515500992157"
}
BODY=> {}
------------------------------
Tue Jan 09 2018 5:59:52 PM
GET /resources/freshorigins.jpg
HEADERS=> {
  "host": "localhost:8000",
  "connection": "keep-alive",
  "user-agent": "Mozilla/5.0 (Macintosh; Intel Mac OS X 10_13_2) AppleWebKit/537.36 (KHTML, like Gecko) Chrome/63.0.3239.84 Safari/537.36",
  "accept": "image/webp,image/apng,image/*,*/*;q=0.8",
  "referer": "http://localhost:8000/index.html",
  "accept-encoding": "gzip, deflate, br",
  "accept-language": "en-US,en;q=0.9",
  "cookie": "logInFailed=false; Expires=Thu, 01 Jan 1970 00:00:00 GMT; sessionid=1515500992157"
}
COOKIES=> {
  "logInFailed": "false",
  "Expires": "Thu, 01 Jan 1970 00:00:00 GMT",
  "sessionid": "1515500992157"
}
BODY=> {}
------------------------------
Tue Jan 09 2018 5:59:52 PM
GET /resources/animated-flower-image-0021.gif
HEADERS=> {
  "host": "localhost:8000",
  "connection": "keep-alive",
  "user-agent": "Mozilla/5.0 (Macintosh; Intel Mac OS X 10_13_2) AppleWebKit/537.36 (KHTML, like Gecko) Chrome/63.0.3239.84 Safari/537.36",
  "accept": "image/webp,image/apng,image/*,*/*;q=0.8",
  "referer": "http://localhost:8000/index.html",
  "accept-encoding": "gzip, deflate, br",
  "accept-language": "en-US,en;q=0.9",
  "cookie": "logInFailed=false; Expires=Thu, 01 Jan 1970 00:00:00 GMT; sessionid=1515500992157"
}
COOKIES=> {
  "logInFailed": "false",
  "Expires": "Thu, 01 Jan 1970 00:00:00 GMT",
  "sessionid": "1515500992157"
}
BODY=> {}
------------------------------
Tue Jan 09 2018 5:59:53 PM
GET /login.html
HEADERS=> {
  "host": "localhost:8000",
  "connection": "keep-alive",
  "upgrade-insecure-requests": "1",
  "user-agent": "Mozilla/5.0 (Macintosh; Intel Mac OS X 10_13_2) AppleWebKit/537.36 (KHTML, like Gecko) Chrome/63.0.3239.84 Safari/537.36",
  "accept": "text/html,application/xhtml+xml,application/xml;q=0.9,image/webp,image/apng,*/*;q=0.8",
  "referer": "http://localhost:8000/index.html",
  "accept-encoding": "gzip, deflate, br",
  "accept-language": "en-US,en;q=0.9",
  "cookie": "logInFailed=false; Expires=Thu, 01 Jan 1970 00:00:00 GMT; sessionid=1515500992157"
}
COOKIES=> {
  "logInFailed": "false",
  "Expires": "Thu, 01 Jan 1970 00:00:00 GMT",
  "sessionid": "1515500992157"
}
BODY=> {}
------------------------------
Tue Jan 09 2018 5:59:53 PM
GET /index.html
HEADERS=> {
  "host": "localhost:8000",
  "connection": "keep-alive",
  "upgrade-insecure-requests": "1",
  "user-agent": "Mozilla/5.0 (Macintosh; Intel Mac OS X 10_13_2) AppleWebKit/537.36 (KHTML, like Gecko) Chrome/63.0.3239.84 Safari/537.36",
  "accept": "text/html,application/xhtml+xml,application/xml;q=0.9,image/webp,image/apng,*/*;q=0.8",
  "referer": "http://localhost:8000/index.html",
  "accept-encoding": "gzip, deflate, br",
  "accept-language": "en-US,en;q=0.9",
  "cookie": "logInFailed=false; Expires=Thu, 01 Jan 1970 00:00:00 GMT; sessionid=1515500992157"
}
COOKIES=> {
  "logInFailed": "false",
  "Expires": "Thu, 01 Jan 1970 00:00:00 GMT",
  "sessionid": "1515500992157"
}
BODY=> {}
------------------------------
Tue Jan 09 2018 5:59:53 PM
GET /css/main.css
HEADERS=> {
  "host": "localhost:8000",
  "connection": "keep-alive",
  "user-agent": "Mozilla/5.0 (Macintosh; Intel Mac OS X 10_13_2) AppleWebKit/537.36 (KHTML, like Gecko) Chrome/63.0.3239.84 Safari/537.36",
  "accept": "text/css,*/*;q=0.1",
  "referer": "http://localhost:8000/index.html",
  "accept-encoding": "gzip, deflate, br",
  "accept-language": "en-US,en;q=0.9",
  "cookie": "logInFailed=false; Expires=Thu, 01 Jan 1970 00:00:00 GMT; sessionid=1515500992157"
}
COOKIES=> {
  "logInFailed": "false",
  "Expires": "Thu, 01 Jan 1970 00:00:00 GMT",
  "sessionid": "1515500992157"
}
BODY=> {}
------------------------------
Tue Jan 09 2018 5:59:53 PM
GET /js/animateGif.js
HEADERS=> {
  "host": "localhost:8000",
  "connection": "keep-alive",
  "user-agent": "Mozilla/5.0 (Macintosh; Intel Mac OS X 10_13_2) AppleWebKit/537.36 (KHTML, like Gecko) Chrome/63.0.3239.84 Safari/537.36",
  "accept": "*/*",
  "referer": "http://localhost:8000/index.html",
  "accept-encoding": "gzip, deflate, br",
  "accept-language": "en-US,en;q=0.9",
  "cookie": "logInFailed=false; Expires=Thu, 01 Jan 1970 00:00:00 GMT; sessionid=1515500992157"
}
COOKIES=> {
  "logInFailed": "false",
  "Expires": "Thu, 01 Jan 1970 00:00:00 GMT",
  "sessionid": "1515500992157"
}
BODY=> {}
------------------------------
Tue Jan 09 2018 5:59:53 PM
GET /resources/freshorigins.jpg
HEADERS=> {
  "host": "localhost:8000",
  "connection": "keep-alive",
  "user-agent": "Mozilla/5.0 (Macintosh; Intel Mac OS X 10_13_2) AppleWebKit/537.36 (KHTML, like Gecko) Chrome/63.0.3239.84 Safari/537.36",
  "accept": "image/webp,image/apng,image/*,*/*;q=0.8",
  "referer": "http://localhost:8000/index.html",
  "accept-encoding": "gzip, deflate, br",
  "accept-language": "en-US,en;q=0.9",
  "cookie": "logInFailed=false; Expires=Thu, 01 Jan 1970 00:00:00 GMT; sessionid=1515500992157"
}
COOKIES=> {
  "logInFailed": "false",
  "Expires": "Thu, 01 Jan 1970 00:00:00 GMT",
  "sessionid": "1515500992157"
}
BODY=> {}
------------------------------
Tue Jan 09 2018 5:59:53 PM
GET /resources/animated-flower-image-0021.gif
HEADERS=> {
  "host": "localhost:8000",
  "connection": "keep-alive",
  "user-agent": "Mozilla/5.0 (Macintosh; Intel Mac OS X 10_13_2) AppleWebKit/537.36 (KHTML, like Gecko) Chrome/63.0.3239.84 Safari/537.36",
  "accept": "image/webp,image/apng,image/*,*/*;q=0.8",
  "referer": "http://localhost:8000/index.html",
  "accept-encoding": "gzip, deflate, br",
  "accept-language": "en-US,en;q=0.9",
  "cookie": "logInFailed=false; Expires=Thu, 01 Jan 1970 00:00:00 GMT; sessionid=1515500992157"
}
COOKIES=> {
  "logInFailed": "false",
  "Expires": "Thu, 01 Jan 1970 00:00:00 GMT",
  "sessionid": "1515500992157"
}
BODY=> {}
------------------------------
Tue Jan 09 2018 5:59:53 PM
GET /login.html
HEADERS=> {
  "host": "localhost:8000",
  "connection": "keep-alive",
  "upgrade-insecure-requests": "1",
  "user-agent": "Mozilla/5.0 (Macintosh; Intel Mac OS X 10_13_2) AppleWebKit/537.36 (KHTML, like Gecko) Chrome/63.0.3239.84 Safari/537.36",
  "accept": "text/html,application/xhtml+xml,application/xml;q=0.9,image/webp,image/apng,*/*;q=0.8",
  "referer": "http://localhost:8000/index.html",
  "accept-encoding": "gzip, deflate, br",
  "accept-language": "en-US,en;q=0.9",
  "cookie": "logInFailed=false; Expires=Thu, 01 Jan 1970 00:00:00 GMT; sessionid=1515500992157"
}
COOKIES=> {
  "logInFailed": "false",
  "Expires": "Thu, 01 Jan 1970 00:00:00 GMT",
  "sessionid": "1515500992157"
}
BODY=> {}
------------------------------
Tue Jan 09 2018 5:59:53 PM
GET /index.html
HEADERS=> {
  "host": "localhost:8000",
  "connection": "keep-alive",
  "upgrade-insecure-requests": "1",
  "user-agent": "Mozilla/5.0 (Macintosh; Intel Mac OS X 10_13_2) AppleWebKit/537.36 (KHTML, like Gecko) Chrome/63.0.3239.84 Safari/537.36",
  "accept": "text/html,application/xhtml+xml,application/xml;q=0.9,image/webp,image/apng,*/*;q=0.8",
  "referer": "http://localhost:8000/index.html",
  "accept-encoding": "gzip, deflate, br",
  "accept-language": "en-US,en;q=0.9",
  "cookie": "logInFailed=false; Expires=Thu, 01 Jan 1970 00:00:00 GMT; sessionid=1515500992157"
}
COOKIES=> {
  "logInFailed": "false",
  "Expires": "Thu, 01 Jan 1970 00:00:00 GMT",
  "sessionid": "1515500992157"
}
BODY=> {}
------------------------------
Tue Jan 09 2018 5:59:53 PM
GET /css/main.css
HEADERS=> {
  "host": "localhost:8000",
  "connection": "keep-alive",
  "user-agent": "Mozilla/5.0 (Macintosh; Intel Mac OS X 10_13_2) AppleWebKit/537.36 (KHTML, like Gecko) Chrome/63.0.3239.84 Safari/537.36",
  "accept": "text/css,*/*;q=0.1",
  "referer": "http://localhost:8000/index.html",
  "accept-encoding": "gzip, deflate, br",
  "accept-language": "en-US,en;q=0.9",
  "cookie": "logInFailed=false; Expires=Thu, 01 Jan 1970 00:00:00 GMT; sessionid=1515500992157"
}
COOKIES=> {
  "logInFailed": "false",
  "Expires": "Thu, 01 Jan 1970 00:00:00 GMT",
  "sessionid": "1515500992157"
}
BODY=> {}
------------------------------
Tue Jan 09 2018 5:59:53 PM
GET /js/animateGif.js
HEADERS=> {
  "host": "localhost:8000",
  "connection": "keep-alive",
  "user-agent": "Mozilla/5.0 (Macintosh; Intel Mac OS X 10_13_2) AppleWebKit/537.36 (KHTML, like Gecko) Chrome/63.0.3239.84 Safari/537.36",
  "accept": "*/*",
  "referer": "http://localhost:8000/index.html",
  "accept-encoding": "gzip, deflate, br",
  "accept-language": "en-US,en;q=0.9",
  "cookie": "logInFailed=false; Expires=Thu, 01 Jan 1970 00:00:00 GMT; sessionid=1515500992157"
}
COOKIES=> {
  "logInFailed": "false",
  "Expires": "Thu, 01 Jan 1970 00:00:00 GMT",
  "sessionid": "1515500992157"
}
BODY=> {}
------------------------------
Tue Jan 09 2018 5:59:53 PM
GET /resources/freshorigins.jpg
HEADERS=> {
  "host": "localhost:8000",
  "connection": "keep-alive",
  "user-agent": "Mozilla/5.0 (Macintosh; Intel Mac OS X 10_13_2) AppleWebKit/537.36 (KHTML, like Gecko) Chrome/63.0.3239.84 Safari/537.36",
  "accept": "image/webp,image/apng,image/*,*/*;q=0.8",
  "referer": "http://localhost:8000/index.html",
  "accept-encoding": "gzip, deflate, br",
  "accept-language": "en-US,en;q=0.9",
  "cookie": "logInFailed=false; Expires=Thu, 01 Jan 1970 00:00:00 GMT; sessionid=1515500992157"
}
COOKIES=> {
  "logInFailed": "false",
  "Expires": "Thu, 01 Jan 1970 00:00:00 GMT",
  "sessionid": "1515500992157"
}
BODY=> {}
------------------------------
Tue Jan 09 2018 5:59:53 PM
GET /resources/animated-flower-image-0021.gif
HEADERS=> {
  "host": "localhost:8000",
  "connection": "keep-alive",
  "user-agent": "Mozilla/5.0 (Macintosh; Intel Mac OS X 10_13_2) AppleWebKit/537.36 (KHTML, like Gecko) Chrome/63.0.3239.84 Safari/537.36",
  "accept": "image/webp,image/apng,image/*,*/*;q=0.8",
  "referer": "http://localhost:8000/index.html",
  "accept-encoding": "gzip, deflate, br",
  "accept-language": "en-US,en;q=0.9",
  "cookie": "logInFailed=false; Expires=Thu, 01 Jan 1970 00:00:00 GMT; sessionid=1515500992157"
}
COOKIES=> {
  "logInFailed": "false",
  "Expires": "Thu, 01 Jan 1970 00:00:00 GMT",
  "sessionid": "1515500992157"
}
BODY=> {}
------------------------------
Tue Jan 09 2018 5:59:53 PM
GET /login.html
HEADERS=> {
  "host": "localhost:8000",
  "connection": "keep-alive",
  "upgrade-insecure-requests": "1",
  "user-agent": "Mozilla/5.0 (Macintosh; Intel Mac OS X 10_13_2) AppleWebKit/537.36 (KHTML, like Gecko) Chrome/63.0.3239.84 Safari/537.36",
  "accept": "text/html,application/xhtml+xml,application/xml;q=0.9,image/webp,image/apng,*/*;q=0.8",
  "referer": "http://localhost:8000/index.html",
  "accept-encoding": "gzip, deflate, br",
  "accept-language": "en-US,en;q=0.9",
  "cookie": "logInFailed=false; Expires=Thu, 01 Jan 1970 00:00:00 GMT; sessionid=1515500992157"
}
COOKIES=> {
  "logInFailed": "false",
  "Expires": "Thu, 01 Jan 1970 00:00:00 GMT",
  "sessionid": "1515500992157"
}
BODY=> {}
------------------------------
Tue Jan 09 2018 5:59:53 PM
GET /index.html
HEADERS=> {
  "host": "localhost:8000",
  "connection": "keep-alive",
  "upgrade-insecure-requests": "1",
  "user-agent": "Mozilla/5.0 (Macintosh; Intel Mac OS X 10_13_2) AppleWebKit/537.36 (KHTML, like Gecko) Chrome/63.0.3239.84 Safari/537.36",
  "accept": "text/html,application/xhtml+xml,application/xml;q=0.9,image/webp,image/apng,*/*;q=0.8",
  "referer": "http://localhost:8000/index.html",
  "accept-encoding": "gzip, deflate, br",
  "accept-language": "en-US,en;q=0.9",
  "cookie": "logInFailed=false; Expires=Thu, 01 Jan 1970 00:00:00 GMT; sessionid=1515500992157"
}
COOKIES=> {
  "logInFailed": "false",
  "Expires": "Thu, 01 Jan 1970 00:00:00 GMT",
  "sessionid": "1515500992157"
}
BODY=> {}
------------------------------
Tue Jan 09 2018 5:59:53 PM
GET /css/main.css
HEADERS=> {
  "host": "localhost:8000",
  "connection": "keep-alive",
  "user-agent": "Mozilla/5.0 (Macintosh; Intel Mac OS X 10_13_2) AppleWebKit/537.36 (KHTML, like Gecko) Chrome/63.0.3239.84 Safari/537.36",
  "accept": "text/css,*/*;q=0.1",
  "referer": "http://localhost:8000/index.html",
  "accept-encoding": "gzip, deflate, br",
  "accept-language": "en-US,en;q=0.9",
  "cookie": "logInFailed=false; Expires=Thu, 01 Jan 1970 00:00:00 GMT; sessionid=1515500992157"
}
COOKIES=> {
  "logInFailed": "false",
  "Expires": "Thu, 01 Jan 1970 00:00:00 GMT",
  "sessionid": "1515500992157"
}
BODY=> {}
------------------------------
Tue Jan 09 2018 5:59:53 PM
GET /js/animateGif.js
HEADERS=> {
  "host": "localhost:8000",
  "connection": "keep-alive",
  "user-agent": "Mozilla/5.0 (Macintosh; Intel Mac OS X 10_13_2) AppleWebKit/537.36 (KHTML, like Gecko) Chrome/63.0.3239.84 Safari/537.36",
  "accept": "*/*",
  "referer": "http://localhost:8000/index.html",
  "accept-encoding": "gzip, deflate, br",
  "accept-language": "en-US,en;q=0.9",
  "cookie": "logInFailed=false; Expires=Thu, 01 Jan 1970 00:00:00 GMT; sessionid=1515500992157"
}
COOKIES=> {
  "logInFailed": "false",
  "Expires": "Thu, 01 Jan 1970 00:00:00 GMT",
  "sessionid": "1515500992157"
}
BODY=> {}
------------------------------
Tue Jan 09 2018 5:59:53 PM
GET /resources/freshorigins.jpg
HEADERS=> {
  "host": "localhost:8000",
  "connection": "keep-alive",
  "user-agent": "Mozilla/5.0 (Macintosh; Intel Mac OS X 10_13_2) AppleWebKit/537.36 (KHTML, like Gecko) Chrome/63.0.3239.84 Safari/537.36",
  "accept": "image/webp,image/apng,image/*,*/*;q=0.8",
  "referer": "http://localhost:8000/index.html",
  "accept-encoding": "gzip, deflate, br",
  "accept-language": "en-US,en;q=0.9",
  "cookie": "logInFailed=false; Expires=Thu, 01 Jan 1970 00:00:00 GMT; sessionid=1515500992157"
}
COOKIES=> {
  "logInFailed": "false",
  "Expires": "Thu, 01 Jan 1970 00:00:00 GMT",
  "sessionid": "1515500992157"
}
BODY=> {}
------------------------------
Tue Jan 09 2018 5:59:53 PM
GET /resources/animated-flower-image-0021.gif
HEADERS=> {
  "host": "localhost:8000",
  "connection": "keep-alive",
  "user-agent": "Mozilla/5.0 (Macintosh; Intel Mac OS X 10_13_2) AppleWebKit/537.36 (KHTML, like Gecko) Chrome/63.0.3239.84 Safari/537.36",
  "accept": "image/webp,image/apng,image/*,*/*;q=0.8",
  "referer": "http://localhost:8000/index.html",
  "accept-encoding": "gzip, deflate, br",
  "accept-language": "en-US,en;q=0.9",
  "cookie": "logInFailed=false; Expires=Thu, 01 Jan 1970 00:00:00 GMT; sessionid=1515500992157"
}
COOKIES=> {
  "logInFailed": "false",
  "Expires": "Thu, 01 Jan 1970 00:00:00 GMT",
  "sessionid": "1515500992157"
}
BODY=> {}
------------------------------
Tue Jan 09 2018 5:59:54 PM
GET /login.html
HEADERS=> {
  "host": "localhost:8000",
  "connection": "keep-alive",
  "upgrade-insecure-requests": "1",
  "user-agent": "Mozilla/5.0 (Macintosh; Intel Mac OS X 10_13_2) AppleWebKit/537.36 (KHTML, like Gecko) Chrome/63.0.3239.84 Safari/537.36",
  "accept": "text/html,application/xhtml+xml,application/xml;q=0.9,image/webp,image/apng,*/*;q=0.8",
  "referer": "http://localhost:8000/index.html",
  "accept-encoding": "gzip, deflate, br",
  "accept-language": "en-US,en;q=0.9",
  "cookie": "logInFailed=false; Expires=Thu, 01 Jan 1970 00:00:00 GMT; sessionid=1515500992157"
}
COOKIES=> {
  "logInFailed": "false",
  "Expires": "Thu, 01 Jan 1970 00:00:00 GMT",
  "sessionid": "1515500992157"
}
BODY=> {}
------------------------------
Tue Jan 09 2018 5:59:54 PM
GET /index.html
HEADERS=> {
  "host": "localhost:8000",
  "connection": "keep-alive",
  "upgrade-insecure-requests": "1",
  "user-agent": "Mozilla/5.0 (Macintosh; Intel Mac OS X 10_13_2) AppleWebKit/537.36 (KHTML, like Gecko) Chrome/63.0.3239.84 Safari/537.36",
  "accept": "text/html,application/xhtml+xml,application/xml;q=0.9,image/webp,image/apng,*/*;q=0.8",
  "referer": "http://localhost:8000/index.html",
  "accept-encoding": "gzip, deflate, br",
  "accept-language": "en-US,en;q=0.9",
  "cookie": "logInFailed=false; Expires=Thu, 01 Jan 1970 00:00:00 GMT; sessionid=1515500992157"
}
COOKIES=> {
  "logInFailed": "false",
  "Expires": "Thu, 01 Jan 1970 00:00:00 GMT",
  "sessionid": "1515500992157"
}
BODY=> {}
------------------------------
Tue Jan 09 2018 5:59:54 PM
GET /css/main.css
HEADERS=> {
  "host": "localhost:8000",
  "connection": "keep-alive",
  "user-agent": "Mozilla/5.0 (Macintosh; Intel Mac OS X 10_13_2) AppleWebKit/537.36 (KHTML, like Gecko) Chrome/63.0.3239.84 Safari/537.36",
  "accept": "text/css,*/*;q=0.1",
  "referer": "http://localhost:8000/index.html",
  "accept-encoding": "gzip, deflate, br",
  "accept-language": "en-US,en;q=0.9",
  "cookie": "logInFailed=false; Expires=Thu, 01 Jan 1970 00:00:00 GMT; sessionid=1515500992157"
}
COOKIES=> {
  "logInFailed": "false",
  "Expires": "Thu, 01 Jan 1970 00:00:00 GMT",
  "sessionid": "1515500992157"
}
BODY=> {}
------------------------------
Tue Jan 09 2018 5:59:54 PM
GET /js/animateGif.js
HEADERS=> {
  "host": "localhost:8000",
  "connection": "keep-alive",
  "user-agent": "Mozilla/5.0 (Macintosh; Intel Mac OS X 10_13_2) AppleWebKit/537.36 (KHTML, like Gecko) Chrome/63.0.3239.84 Safari/537.36",
  "accept": "*/*",
  "referer": "http://localhost:8000/index.html",
  "accept-encoding": "gzip, deflate, br",
  "accept-language": "en-US,en;q=0.9",
  "cookie": "logInFailed=false; Expires=Thu, 01 Jan 1970 00:00:00 GMT; sessionid=1515500992157"
}
COOKIES=> {
  "logInFailed": "false",
  "Expires": "Thu, 01 Jan 1970 00:00:00 GMT",
  "sessionid": "1515500992157"
}
BODY=> {}
------------------------------
Tue Jan 09 2018 5:59:54 PM
GET /resources/freshorigins.jpg
HEADERS=> {
  "host": "localhost:8000",
  "connection": "keep-alive",
  "user-agent": "Mozilla/5.0 (Macintosh; Intel Mac OS X 10_13_2) AppleWebKit/537.36 (KHTML, like Gecko) Chrome/63.0.3239.84 Safari/537.36",
  "accept": "image/webp,image/apng,image/*,*/*;q=0.8",
  "referer": "http://localhost:8000/index.html",
  "accept-encoding": "gzip, deflate, br",
  "accept-language": "en-US,en;q=0.9",
  "cookie": "logInFailed=false; Expires=Thu, 01 Jan 1970 00:00:00 GMT; sessionid=1515500992157"
}
COOKIES=> {
  "logInFailed": "false",
  "Expires": "Thu, 01 Jan 1970 00:00:00 GMT",
  "sessionid": "1515500992157"
}
BODY=> {}
------------------------------
Tue Jan 09 2018 5:59:54 PM
GET /resources/animated-flower-image-0021.gif
HEADERS=> {
  "host": "localhost:8000",
  "connection": "keep-alive",
  "user-agent": "Mozilla/5.0 (Macintosh; Intel Mac OS X 10_13_2) AppleWebKit/537.36 (KHTML, like Gecko) Chrome/63.0.3239.84 Safari/537.36",
  "accept": "image/webp,image/apng,image/*,*/*;q=0.8",
  "referer": "http://localhost:8000/index.html",
  "accept-encoding": "gzip, deflate, br",
  "accept-language": "en-US,en;q=0.9",
  "cookie": "logInFailed=false; Expires=Thu, 01 Jan 1970 00:00:00 GMT; sessionid=1515500992157"
}
COOKIES=> {
  "logInFailed": "false",
  "Expires": "Thu, 01 Jan 1970 00:00:00 GMT",
  "sessionid": "1515500992157"
}
BODY=> {}
------------------------------
Tue Jan 09 2018 5:59:59 PM
GET /lougout
HEADERS=> {
  "host": "localhost:8000",
  "connection": "keep-alive",
  "user-agent": "Mozilla/5.0 (Macintosh; Intel Mac OS X 10_13_2) AppleWebKit/537.36 (KHTML, like Gecko) Chrome/63.0.3239.84 Safari/537.36",
  "upgrade-insecure-requests": "1",
  "accept": "text/html,application/xhtml+xml,application/xml;q=0.9,image/webp,image/apng,*/*;q=0.8",
  "accept-encoding": "gzip, deflate, br",
  "accept-language": "en-US,en;q=0.9",
  "cookie": "logInFailed=false; Expires=Thu, 01 Jan 1970 00:00:00 GMT; sessionid=1515500992157"
}
COOKIES=> {
  "logInFailed": "false",
  "Expires": "Thu, 01 Jan 1970 00:00:00 GMT",
  "sessionid": "1515500992157"
}
BODY=> {}
------------------------------
Tue Jan 09 2018 6:00:04 PM
GET /logout
HEADERS=> {
  "host": "localhost:8000",
  "connection": "keep-alive",
  "user-agent": "Mozilla/5.0 (Macintosh; Intel Mac OS X 10_13_2) AppleWebKit/537.36 (KHTML, like Gecko) Chrome/63.0.3239.84 Safari/537.36",
  "upgrade-insecure-requests": "1",
  "accept": "text/html,application/xhtml+xml,application/xml;q=0.9,image/webp,image/apng,*/*;q=0.8",
  "accept-encoding": "gzip, deflate, br",
  "accept-language": "en-US,en;q=0.9",
  "cookie": "logInFailed=false; Expires=Thu, 01 Jan 1970 00:00:00 GMT; sessionid=1515500992157"
}
COOKIES=> {
  "logInFailed": "false",
  "Expires": "Thu, 01 Jan 1970 00:00:00 GMT",
  "sessionid": "1515500992157"
}
BODY=> {}
------------------------------
Tue Jan 09 2018 6:00:04 PM
GET /login.html
HEADERS=> {
  "host": "localhost:8000",
  "connection": "keep-alive",
  "user-agent": "Mozilla/5.0 (Macintosh; Intel Mac OS X 10_13_2) AppleWebKit/537.36 (KHTML, like Gecko) Chrome/63.0.3239.84 Safari/537.36",
  "upgrade-insecure-requests": "1",
  "accept": "text/html,application/xhtml+xml,application/xml;q=0.9,image/webp,image/apng,*/*;q=0.8",
  "accept-encoding": "gzip, deflate, br",
  "accept-language": "en-US,en;q=0.9",
  "cookie": "logInFailed=false; Expires=Thu, 01 Jan 1970 00:00:00 GMT; sessionid=0"
}
COOKIES=> {
  "logInFailed": "false",
  "Expires": "Thu, 01 Jan 1970 00:00:00 GMT",
  "sessionid": "0"
}
BODY=> {}
------------------------------
Tue Jan 09 2018 6:00:04 PM
GET /css/main.css
HEADERS=> {
  "host": "localhost:8000",
  "connection": "keep-alive",
  "user-agent": "Mozilla/5.0 (Macintosh; Intel Mac OS X 10_13_2) AppleWebKit/537.36 (KHTML, like Gecko) Chrome/63.0.3239.84 Safari/537.36",
  "accept": "text/css,*/*;q=0.1",
  "referer": "http://localhost:8000/login.html",
  "accept-encoding": "gzip, deflate, br",
  "accept-language": "en-US,en;q=0.9",
  "cookie": "logInFailed=false; Expires=Thu, 01 Jan 1970 00:00:00 GMT; sessionid=0"
}
COOKIES=> {
  "logInFailed": "false",
  "Expires": "Thu, 01 Jan 1970 00:00:00 GMT",
  "sessionid": "0"
}
BODY=> {}
